<?xml version="1.0" encoding="utf-8"?>
<testsuite errors="0" failures="1" name="mypy" skips="0" tests="1" time="0.043">
  <testcase classname="mypy" file="mypy" line="1" name="mypy-py3_12-darwin" time="0.043">
    <failure message="mypy produced messages">src/pyclarity/server/tool_handlers.py:526:90: error: Invalid syntax  [syntax]
    ...agation", "error": str(e), "success": False}    async def handle_itera...
                                                        ^</failure>
  </testcase>
</testsuite>
